<?xml version="1.0" encoding="utf-8"?><testsuites name="pytest tests"><testsuite name="pytest" errors="0" failures="0" skipped="0" tests="9" time="1.448" timestamp="2026-07-04T15:21:25.875075+00:00" hostname="agent-env-00a9c1eb-a795-4bfd-818d-29e94f283be3"><testcase classname="backend.tests.test_backend_api" name="test_native_health_internal" time="0.010" /><testcase classname="backend.tests.test_backend_api" name="test_api_health_external" time="0.206" /><testcase classname="backend.tests.test_backend_api" name="test_no_503_fallback" time="0.098" /><testcase classname="backend.tests.test_backend_api" name="test_login_returns_token_and_user" time="0.123" /><testcase classname="backend.tests.test_backend_api" name="test_login_invalid" time="0.121" /><testcase classname="backend.tests.test_backend_api" name="test_auth_me" time="0.219" /><testcase classname="backend.tests.test_backend_api" name="test_search" time="0.258" /><testcase classname="backend.tests.test_backend_api" name="test_dashboard" time="0.106" /><testcase classname="backend.tests.test_backend_api" name="test_basket_optimize" time="0.240" /></testsuite></testsuites>